[05-Sep-2018 23:12:55 UTC] PHP Parse error:  syntax error, unexpected '}' in /home/ubuntu/workspace/login/login_a.php on line 7
[05-Sep-2018 23:13:13 UTC] PHP Parse error:  syntax error, unexpected '}' in /home/ubuntu/workspace/login/login_a.php on line 36
[05-Sep-2018 23:18:33 UTC] PHP Fatal error:  Using $this when not in object context in /home/ubuntu/workspace/login/login_a.php on line 5
[05-Sep-2018 23:18:33 UTC] PHP Stack trace:
[05-Sep-2018 23:18:33 UTC] PHP   1. {main}() /home/ubuntu/workspace/login/employer.php:0
[05-Sep-2018 23:18:33 UTC] PHP   2. Login() /home/ubuntu/workspace/login/employer.php:4
[05-Sep-2018 23:18:43 UTC] PHP Fatal error:  Using $this when not in object context in /home/ubuntu/workspace/login/login_a.php on line 5
[05-Sep-2018 23:18:43 UTC] PHP Stack trace:
[05-Sep-2018 23:18:43 UTC] PHP   1. {main}() /home/ubuntu/workspace/login/employer.php:0
[05-Sep-2018 23:18:43 UTC] PHP   2. Login() /home/ubuntu/workspace/login/employer.php:4
[05-Sep-2018 23:20:34 UTC] PHP Fatal error:  Using $this when not in object context in /home/ubuntu/workspace/login/login_a.php on line 5
[05-Sep-2018 23:20:34 UTC] PHP Stack trace:
[05-Sep-2018 23:20:34 UTC] PHP   1. {main}() /home/ubuntu/workspace/login/employer.php:0
[05-Sep-2018 23:20:34 UTC] PHP   2. Login() /home/ubuntu/workspace/login/employer.php:4
[05-Sep-2018 23:20:41 UTC] PHP Fatal error:  Using $this when not in object context in /home/ubuntu/workspace/login/login_a.php on line 5
[05-Sep-2018 23:20:41 UTC] PHP Stack trace:
[05-Sep-2018 23:20:41 UTC] PHP   1. {main}() /home/ubuntu/workspace/login/employer.php:0
[05-Sep-2018 23:20:41 UTC] PHP   2. Login() /home/ubuntu/workspace/login/employer.php:4
[05-Sep-2018 23:28:23 UTC] PHP Parse error:  syntax error, unexpected 'include' (T_INCLUDE) in /home/ubuntu/workspace/login/login_a.php on line 3
[06-Sep-2018 21:53:01 UTC] PHP Fatal error:  Call to undefined function htmlspecialcharts() in /home/ubuntu/workspace/login/test_input.php on line 5
[06-Sep-2018 21:53:01 UTC] PHP Stack trace:
[06-Sep-2018 21:53:01 UTC] PHP   1. {main}() /home/ubuntu/workspace/login/login_a.php:0
[06-Sep-2018 21:53:01 UTC] PHP   2. Login() /home/ubuntu/workspace/login/login_a.php:22
[06-Sep-2018 21:53:01 UTC] PHP   3. test_input() /home/ubuntu/workspace/login/login_a.php:11
[06-Sep-2018 21:53:18 UTC] PHP Warning:  mysql_query() expects parameter 2 to be resource, null given in /home/ubuntu/workspace/login/login_a.php on line 14
[06-Sep-2018 21:53:18 UTC] PHP Stack trace:
[06-Sep-2018 21:53:18 UTC] PHP   1. {main}() /home/ubuntu/workspace/login/login_a.php:0
[06-Sep-2018 21:53:18 UTC] PHP   2. Login() /home/ubuntu/workspace/login/login_a.php:22
[06-Sep-2018 21:53:18 UTC] PHP   3. mysql_query() /home/ubuntu/workspace/login/login_a.php:14
[06-Sep-2018 21:54:02 UTC] PHP Warning:  mysql_query() expects parameter 2 to be resource, null given in /home/ubuntu/workspace/login/login_a.php on line 14
[06-Sep-2018 21:54:02 UTC] PHP Stack trace:
[06-Sep-2018 21:54:02 UTC] PHP   1. {main}() /home/ubuntu/workspace/login/login_a.php:0
[06-Sep-2018 21:54:02 UTC] PHP   2. Login() /home/ubuntu/workspace/login/login_a.php:22
[06-Sep-2018 21:54:02 UTC] PHP   3. mysql_query() /home/ubuntu/workspace/login/login_a.php:14
[06-Sep-2018 21:54:33 UTC] PHP Warning:  mysql_query() expects parameter 2 to be resource, null given in /home/ubuntu/workspace/login/login_a.php on line 14
[06-Sep-2018 21:54:33 UTC] PHP Stack trace:
[06-Sep-2018 21:54:33 UTC] PHP   1. {main}() /home/ubuntu/workspace/login/login_a.php:0
[06-Sep-2018 21:54:33 UTC] PHP   2. Login() /home/ubuntu/workspace/login/login_a.php:22
[06-Sep-2018 21:54:33 UTC] PHP   3. mysql_query() /home/ubuntu/workspace/login/login_a.php:14
[06-Sep-2018 21:54:36 UTC] PHP Warning:  mysql_query() expects parameter 2 to be resource, null given in /home/ubuntu/workspace/login/login_a.php on line 14
[06-Sep-2018 21:54:37 UTC] PHP Stack trace:
[06-Sep-2018 21:54:37 UTC] PHP   1. {main}() /home/ubuntu/workspace/login/login_a.php:0
[06-Sep-2018 21:54:37 UTC] PHP   2. Login() /home/ubuntu/workspace/login/login_a.php:22
[06-Sep-2018 21:54:37 UTC] PHP   3. mysql_query() /home/ubuntu/workspace/login/login_a.php:14
[06-Sep-2018 21:55:38 UTC] PHP Warning:  mysql_query() expects parameter 2 to be resource, null given in /home/ubuntu/workspace/login/login_a.php on line 14
[06-Sep-2018 21:55:38 UTC] PHP Stack trace:
[06-Sep-2018 21:55:38 UTC] PHP   1. {main}() /home/ubuntu/workspace/login/login_a.php:0
[06-Sep-2018 21:55:38 UTC] PHP   2. Login() /home/ubuntu/workspace/login/login_a.php:22
[06-Sep-2018 21:55:38 UTC] PHP   3. mysql_query() /home/ubuntu/workspace/login/login_a.php:14
[06-Sep-2018 21:55:57 UTC] PHP Warning:  mysql_query() expects parameter 2 to be resource, string given in /home/ubuntu/workspace/login/login_a.php on line 14
[06-Sep-2018 21:55:57 UTC] PHP Stack trace:
[06-Sep-2018 21:55:57 UTC] PHP   1. {main}() /home/ubuntu/workspace/login/login_a.php:0
[06-Sep-2018 21:55:57 UTC] PHP   2. Login() /home/ubuntu/workspace/login/login_a.php:22
[06-Sep-2018 21:55:57 UTC] PHP   3. mysql_query() /home/ubuntu/workspace/login/login_a.php:14
[06-Sep-2018 21:56:46 UTC] PHP Warning:  mysql_query(): Access denied for user ''@'localhost' (using password: NO) in /home/ubuntu/workspace/login/login_a.php on line 14
[06-Sep-2018 21:56:46 UTC] PHP Stack trace:
[06-Sep-2018 21:56:46 UTC] PHP   1. {main}() /home/ubuntu/workspace/login/login_a.php:0
[06-Sep-2018 21:56:46 UTC] PHP   2. Login() /home/ubuntu/workspace/login/login_a.php:22
[06-Sep-2018 21:56:46 UTC] PHP   3. mysql_query() /home/ubuntu/workspace/login/login_a.php:14
[06-Sep-2018 21:56:46 UTC] PHP Warning:  mysql_query(): A link to the server could not be established in /home/ubuntu/workspace/login/login_a.php on line 14
[06-Sep-2018 21:56:46 UTC] PHP Stack trace:
[06-Sep-2018 21:56:46 UTC] PHP   1. {main}() /home/ubuntu/workspace/login/login_a.php:0
[06-Sep-2018 21:56:46 UTC] PHP   2. Login() /home/ubuntu/workspace/login/login_a.php:22
[06-Sep-2018 21:56:46 UTC] PHP   3. mysql_query() /home/ubuntu/workspace/login/login_a.php:14
[06-Sep-2018 21:58:02 UTC] PHP Catchable fatal error:  Object of class mysqli could not be converted to string in /home/ubuntu/workspace/db/connect.php on line 11
[06-Sep-2018 21:58:02 UTC] PHP Stack trace:
[06-Sep-2018 21:58:02 UTC] PHP   1. {main}() /home/ubuntu/workspace/login/login_a.php:0
[06-Sep-2018 21:58:02 UTC] PHP   2. include() /home/ubuntu/workspace/login/login_a.php:2
[06-Sep-2018 21:59:15 UTC] PHP Warning:  mysql_query(): Access denied for user ''@'localhost' (using password: NO) in /home/ubuntu/workspace/login/login_a.php on line 14
[06-Sep-2018 21:59:15 UTC] PHP Stack trace:
[06-Sep-2018 21:59:15 UTC] PHP   1. {main}() /home/ubuntu/workspace/login/login_a.php:0
[06-Sep-2018 21:59:15 UTC] PHP   2. Login() /home/ubuntu/workspace/login/login_a.php:22
[06-Sep-2018 21:59:15 UTC] PHP   3. mysql_query() /home/ubuntu/workspace/login/login_a.php:14
[06-Sep-2018 21:59:15 UTC] PHP Warning:  mysql_query(): A link to the server could not be established in /home/ubuntu/workspace/login/login_a.php on line 14
[06-Sep-2018 21:59:15 UTC] PHP Stack trace:
[06-Sep-2018 21:59:15 UTC] PHP   1. {main}() /home/ubuntu/workspace/login/login_a.php:0
[06-Sep-2018 21:59:15 UTC] PHP   2. Login() /home/ubuntu/workspace/login/login_a.php:22
[06-Sep-2018 21:59:15 UTC] PHP   3. mysql_query() /home/ubuntu/workspace/login/login_a.php:14
[06-Sep-2018 22:01:14 UTC] PHP Warning:  mysqli_query() expects parameter 1 to be mysqli, null given in /home/ubuntu/workspace/login/login_a.php on line 14
[06-Sep-2018 22:01:14 UTC] PHP Stack trace:
[06-Sep-2018 22:01:14 UTC] PHP   1. {main}() /home/ubuntu/workspace/login/login_a.php:0
[06-Sep-2018 22:01:14 UTC] PHP   2. Login() /home/ubuntu/workspace/login/login_a.php:22
[06-Sep-2018 22:01:14 UTC] PHP   3. mysqli_query() /home/ubuntu/workspace/login/login_a.php:14
[06-Sep-2018 22:01:53 UTC] PHP Warning:  mysqli_query() expects parameter 1 to be mysqli, null given in /home/ubuntu/workspace/login/login_a.php on line 27
[06-Sep-2018 22:01:53 UTC] PHP Stack trace:
[06-Sep-2018 22:01:53 UTC] PHP   1. {main}() /home/ubuntu/workspace/login/login_a.php:0
[06-Sep-2018 22:01:53 UTC] PHP   2. Login() /home/ubuntu/workspace/login/login_a.php:35
[06-Sep-2018 22:01:53 UTC] PHP   3. mysqli_query() /home/ubuntu/workspace/login/login_a.php:27
[06-Sep-2018 22:02:03 UTC] PHP Warning:  mysqli_query() expects parameter 1 to be mysqli, null given in /home/ubuntu/workspace/login/login_a.php on line 16
[06-Sep-2018 22:02:03 UTC] PHP Stack trace:
[06-Sep-2018 22:02:03 UTC] PHP   1. {main}() /home/ubuntu/workspace/login/login_a.php:0
[06-Sep-2018 22:02:03 UTC] PHP   2. Login() /home/ubuntu/workspace/login/login_a.php:24
[06-Sep-2018 22:02:03 UTC] PHP   3. mysqli_query() /home/ubuntu/workspace/login/login_a.php:16
[06-Sep-2018 22:02:23 UTC] PHP Warning:  mysqli_query() expects at least 2 parameters, 1 given in /home/ubuntu/workspace/login/login_a.php on line 16
[06-Sep-2018 22:02:23 UTC] PHP Stack trace:
[06-Sep-2018 22:02:23 UTC] PHP   1. {main}() /home/ubuntu/workspace/login/login_a.php:0
[06-Sep-2018 22:02:23 UTC] PHP   2. Login() /home/ubuntu/workspace/login/login_a.php:24
[06-Sep-2018 22:02:23 UTC] PHP   3. mysqli_query() /home/ubuntu/workspace/login/login_a.php:16
[06-Sep-2018 22:02:43 UTC] PHP Warning:  mysqli_query() expects parameter 1 to be mysqli, null given in /home/ubuntu/workspace/login/login_a.php on line 16
[06-Sep-2018 22:02:43 UTC] PHP Stack trace:
[06-Sep-2018 22:02:43 UTC] PHP   1. {main}() /home/ubuntu/workspace/login/login_a.php:0
[06-Sep-2018 22:02:43 UTC] PHP   2. Login() /home/ubuntu/workspace/login/login_a.php:24
[06-Sep-2018 22:02:43 UTC] PHP   3. mysqli_query() /home/ubuntu/workspace/login/login_a.php:16
[06-Sep-2018 22:02:59 UTC] PHP Warning:  mysqli_query() expects parameter 1 to be mysqli, null given in /home/ubuntu/workspace/login/login_a.php on line 27
[06-Sep-2018 22:02:59 UTC] PHP Stack trace:
[06-Sep-2018 22:02:59 UTC] PHP   1. {main}() /home/ubuntu/workspace/login/login_a.php:0
[06-Sep-2018 22:02:59 UTC] PHP   2. Login() /home/ubuntu/workspace/login/login_a.php:35
[06-Sep-2018 22:02:59 UTC] PHP   3. mysqli_query() /home/ubuntu/workspace/login/login_a.php:27
[06-Sep-2018 22:03:15 UTC] PHP Warning:  mysqli_query() expects parameter 1 to be mysqli, null given in /home/ubuntu/workspace/login/login_a.php on line 16
[06-Sep-2018 22:03:15 UTC] PHP Stack trace:
[06-Sep-2018 22:03:15 UTC] PHP   1. {main}() /home/ubuntu/workspace/login/login_a.php:0
[06-Sep-2018 22:03:15 UTC] PHP   2. Login() /home/ubuntu/workspace/login/login_a.php:24
[06-Sep-2018 22:03:15 UTC] PHP   3. mysqli_query() /home/ubuntu/workspace/login/login_a.php:16
[06-Sep-2018 22:03:45 UTC] PHP Warning:  mysqli_query() expects parameter 1 to be mysqli, null given in /home/ubuntu/workspace/login/login_a.php on line 16
[06-Sep-2018 22:03:45 UTC] PHP Stack trace:
[06-Sep-2018 22:03:45 UTC] PHP   1. {main}() /home/ubuntu/workspace/login/login_a.php:0
[06-Sep-2018 22:03:45 UTC] PHP   2. Login() /home/ubuntu/workspace/login/login_a.php:24
[06-Sep-2018 22:03:45 UTC] PHP   3. mysqli_query() /home/ubuntu/workspace/login/login_a.php:16
[06-Sep-2018 22:04:18 UTC] PHP Warning:  mysqli_query() expects parameter 1 to be mysqli, null given in /home/ubuntu/workspace/login/login_a.php on line 16
[06-Sep-2018 22:04:18 UTC] PHP Stack trace:
[06-Sep-2018 22:04:18 UTC] PHP   1. {main}() /home/ubuntu/workspace/login/login_a.php:0
[06-Sep-2018 22:04:18 UTC] PHP   2. Login() /home/ubuntu/workspace/login/login_a.php:24
[06-Sep-2018 22:04:18 UTC] PHP   3. mysqli_query() /home/ubuntu/workspace/login/login_a.php:16
[06-Sep-2018 22:05:49 UTC] PHP Warning:  mysqli_query() expects parameter 1 to be mysqli, null given in /home/ubuntu/workspace/login/login_a.php on line 16
[06-Sep-2018 22:05:49 UTC] PHP Stack trace:
[06-Sep-2018 22:05:49 UTC] PHP   1. {main}() /home/ubuntu/workspace/login/login_a.php:0
[06-Sep-2018 22:05:49 UTC] PHP   2. Login() /home/ubuntu/workspace/login/login_a.php:24
[06-Sep-2018 22:05:49 UTC] PHP   3. mysqli_query() /home/ubuntu/workspace/login/login_a.php:16
[06-Sep-2018 22:06:12 UTC] PHP Catchable fatal error:  Object of class mysqli_result could not be converted to string in /home/ubuntu/workspace/db/connect.php on line 15
[06-Sep-2018 22:06:12 UTC] PHP Stack trace:
[06-Sep-2018 22:06:12 UTC] PHP   1. {main}() /home/ubuntu/workspace/login/login_a.php:0
[06-Sep-2018 22:06:12 UTC] PHP   2. include() /home/ubuntu/workspace/login/login_a.php:2
[06-Sep-2018 22:07:39 UTC] PHP Fatal error:  Cannot use object of type mysqli_result as array in /home/ubuntu/workspace/db/connect.php on line 15
[06-Sep-2018 22:07:39 UTC] PHP Stack trace:
[06-Sep-2018 22:07:39 UTC] PHP   1. {main}() /home/ubuntu/workspace/login/login_a.php:0
[06-Sep-2018 22:07:39 UTC] PHP   2. include() /home/ubuntu/workspace/login/login_a.php:2
[06-Sep-2018 22:10:22 UTC] PHP Warning:  mysqli_query() expects parameter 1 to be mysqli, null given in /home/ubuntu/workspace/login/login_a.php on line 16
[06-Sep-2018 22:10:22 UTC] PHP Stack trace:
[06-Sep-2018 22:10:22 UTC] PHP   1. {main}() /home/ubuntu/workspace/login/login_a.php:0
[06-Sep-2018 22:10:22 UTC] PHP   2. Login() /home/ubuntu/workspace/login/login_a.php:24
[06-Sep-2018 22:10:22 UTC] PHP   3. mysqli_query() /home/ubuntu/workspace/login/login_a.php:16
[06-Sep-2018 22:13:17 UTC] PHP Fatal error:  Cannot redeclare storePW() (previously declared in /home/ubuntu/workspace/db/password_hasher.php:2) in /home/ubuntu/workspace/db/password_hasher.php on line 2
[06-Sep-2018 22:13:17 UTC] PHP Stack trace:
[06-Sep-2018 22:13:17 UTC] PHP   1. {main}() /home/ubuntu/workspace/login/login_a.php:0
[06-Sep-2018 22:14:05 UTC] PHP Fatal error:  Cannot redeclare storePW() (previously declared in /home/ubuntu/workspace/db/password_hasher.php:2) in /home/ubuntu/workspace/db/password_hasher.php on line 2
[06-Sep-2018 22:14:05 UTC] PHP Stack trace:
[06-Sep-2018 22:14:05 UTC] PHP   1. {main}() /home/ubuntu/workspace/login/login_a.php:0
[06-Sep-2018 22:15:03 UTC] PHP Warning:  mysqli_query() expects parameter 1 to be mysqli, null given in /home/ubuntu/workspace/login/login_a.php on line 15
[06-Sep-2018 22:15:03 UTC] PHP Stack trace:
[06-Sep-2018 22:15:03 UTC] PHP   1. {main}() /home/ubuntu/workspace/login/login_a.php:0
[06-Sep-2018 22:15:03 UTC] PHP   2. Login() /home/ubuntu/workspace/login/login_a.php:23
[06-Sep-2018 22:15:03 UTC] PHP   3. mysqli_query() /home/ubuntu/workspace/login/login_a.php:15
[06-Sep-2018 22:16:54 UTC] PHP Fatal error:  Call to a member function query() on a non-object in /home/ubuntu/workspace/login/login_a.php on line 15
[06-Sep-2018 22:16:54 UTC] PHP Stack trace:
[06-Sep-2018 22:16:54 UTC] PHP   1. {main}() /home/ubuntu/workspace/login/login_a.php:0
[06-Sep-2018 22:16:54 UTC] PHP   2. Login() /home/ubuntu/workspace/login/login_a.php:23
[06-Sep-2018 22:28:37 UTC] PHP Warning:  mysql_num_rows() expects parameter 1 to be resource, boolean given in /home/ubuntu/workspace/login/login_a.php on line 23
[06-Sep-2018 22:28:37 UTC] PHP Stack trace:
[06-Sep-2018 22:28:37 UTC] PHP   1. {main}() /home/ubuntu/workspace/login/login_a.php:0
[06-Sep-2018 22:28:37 UTC] PHP   2. Login() /home/ubuntu/workspace/login/login_a.php:37
[06-Sep-2018 22:28:37 UTC] PHP   3. mysql_num_rows() /home/ubuntu/workspace/login/login_a.php:23
[06-Sep-2018 22:35:24 UTC] PHP Warning:  mysql_num_rows() expects parameter 1 to be resource, object given in /home/ubuntu/workspace/login/login_a.php on line 28
[06-Sep-2018 22:35:24 UTC] PHP Stack trace:
[06-Sep-2018 22:35:24 UTC] PHP   1. {main}() /home/ubuntu/workspace/login/login_a.php:0
[06-Sep-2018 22:35:24 UTC] PHP   2. Login() /home/ubuntu/workspace/login/login_a.php:42
[06-Sep-2018 22:35:24 UTC] PHP   3. mysql_num_rows() /home/ubuntu/workspace/login/login_a.php:28
[06-Sep-2018 22:36:36 UTC] PHP Warning:  mysql_num_rows() expects parameter 1 to be resource, object given in /home/ubuntu/workspace/login/login_a.php on line 30
[06-Sep-2018 22:36:36 UTC] PHP Stack trace:
[06-Sep-2018 22:36:36 UTC] PHP   1. {main}() /home/ubuntu/workspace/login/login_a.php:0
[06-Sep-2018 22:36:36 UTC] PHP   2. Login() /home/ubuntu/workspace/login/login_a.php:44
[06-Sep-2018 22:36:36 UTC] PHP   3. mysql_num_rows() /home/ubuntu/workspace/login/login_a.php:30
[06-Sep-2018 22:36:52 UTC] PHP Warning:  mysql_num_rows() expects parameter 1 to be resource, object given in /home/ubuntu/workspace/login/login_a.php on line 30
[06-Sep-2018 22:36:52 UTC] PHP Stack trace:
[06-Sep-2018 22:36:52 UTC] PHP   1. {main}() /home/ubuntu/workspace/login/login_a.php:0
[06-Sep-2018 22:36:52 UTC] PHP   2. Login() /home/ubuntu/workspace/login/login_a.php:44
[06-Sep-2018 22:36:52 UTC] PHP   3. mysql_num_rows() /home/ubuntu/workspace/login/login_a.php:30
[06-Sep-2018 22:37:05 UTC] PHP Warning:  mysql_num_rows() expects parameter 1 to be resource, object given in /home/ubuntu/workspace/login/login_a.php on line 32
[06-Sep-2018 22:37:05 UTC] PHP Stack trace:
[06-Sep-2018 22:37:05 UTC] PHP   1. {main}() /home/ubuntu/workspace/login/login_a.php:0
[06-Sep-2018 22:37:05 UTC] PHP   2. Login() /home/ubuntu/workspace/login/login_a.php:46
[06-Sep-2018 22:37:05 UTC] PHP   3. mysql_num_rows() /home/ubuntu/workspace/login/login_a.php:32
[06-Sep-2018 22:37:14 UTC] PHP Warning:  mysql_num_rows() expects parameter 1 to be resource, object given in /home/ubuntu/workspace/login/login_a.php on line 32
[06-Sep-2018 22:37:14 UTC] PHP Stack trace:
[06-Sep-2018 22:37:14 UTC] PHP   1. {main}() /home/ubuntu/workspace/login/login_a.php:0
[06-Sep-2018 22:37:14 UTC] PHP   2. Login() /home/ubuntu/workspace/login/login_a.php:46
[06-Sep-2018 22:37:14 UTC] PHP   3. mysql_num_rows() /home/ubuntu/workspace/login/login_a.php:32
[06-Sep-2018 22:38:00 UTC] PHP Warning:  mysql_num_rows() expects parameter 1 to be resource, object given in /home/ubuntu/workspace/login/login_a.php on line 33
[06-Sep-2018 22:38:00 UTC] PHP Stack trace:
[06-Sep-2018 22:38:00 UTC] PHP   1. {main}() /home/ubuntu/workspace/login/login_a.php:0
[06-Sep-2018 22:38:00 UTC] PHP   2. Login() /home/ubuntu/workspace/login/login_a.php:47
[06-Sep-2018 22:38:00 UTC] PHP   3. mysql_num_rows() /home/ubuntu/workspace/login/login_a.php:33
[06-Sep-2018 22:38:12 UTC] PHP Warning:  mysql_num_rows() expects parameter 1 to be resource, object given in /home/ubuntu/workspace/login/login_a.php on line 33
[06-Sep-2018 22:38:12 UTC] PHP Stack trace:
[06-Sep-2018 22:38:12 UTC] PHP   1. {main}() /home/ubuntu/workspace/login/login_a.php:0
[06-Sep-2018 22:38:12 UTC] PHP   2. Login() /home/ubuntu/workspace/login/login_a.php:47
[06-Sep-2018 22:38:12 UTC] PHP   3. mysql_num_rows() /home/ubuntu/workspace/login/login_a.php:33
[06-Sep-2018 22:40:39 UTC] PHP Fatal error:  Using $this when not in object context in /home/ubuntu/workspace/login/login_a.php on line 19
[06-Sep-2018 22:40:39 UTC] PHP Stack trace:
[06-Sep-2018 22:40:39 UTC] PHP   1. {main}() /home/ubuntu/workspace/login/login_a.php:0
[06-Sep-2018 22:40:39 UTC] PHP   2. Login() /home/ubuntu/workspace/login/login_a.php:39
[06-Sep-2018 22:50:57 UTC] PHP Parse error:  syntax error, unexpected 'redirect' (T_STRING) in /home/ubuntu/workspace/login/login_a.php on line 19
[07-Sep-2018 00:40:40 UTC] PHP Parse error:  syntax error, unexpected '$db' (T_VARIABLE), expecting ',' or ';' in /home/ubuntu/workspace/actions/add_employee.php on line 23
[07-Sep-2018 00:40:57 UTC] PHP Warning:  include(../db/test_input.php): failed to open stream: No such file or directory in /home/ubuntu/workspace/actions/add_employee.php on line 4
[07-Sep-2018 00:40:57 UTC] PHP Stack trace:
[07-Sep-2018 00:40:57 UTC] PHP   1. {main}() /home/ubuntu/workspace/actions/add_employee.php:0
[07-Sep-2018 00:40:57 UTC] PHP Warning:  include(): Failed opening '../db/test_input.php' for inclusion (include_path='.:/usr/share/php:/usr/share/pear') in /home/ubuntu/workspace/actions/add_employee.php on line 4
[07-Sep-2018 00:40:57 UTC] PHP Stack trace:
[07-Sep-2018 00:40:57 UTC] PHP   1. {main}() /home/ubuntu/workspace/actions/add_employee.php:0
[07-Sep-2018 00:40:57 UTC] PHP Fatal error:  Call to undefined function test_input() in /home/ubuntu/workspace/actions/add_employee.php on line 8
[07-Sep-2018 00:40:57 UTC] PHP Stack trace:
[07-Sep-2018 00:40:57 UTC] PHP   1. {main}() /home/ubuntu/workspace/actions/add_employee.php:0
[11-Sep-2018 14:18:39 UTC] PHP Parse error:  syntax error, unexpected '$id' (T_VARIABLE) in /home/ubuntu/workspace/actions/edit_benefits.php on line 5
[11-Sep-2018 14:23:09 UTC] PHP Warning:  Unterminated comment starting line 9 in /home/ubuntu/workspace/actions/edit_benefits.php on line 9
[11-Sep-2018 14:24:03 UTC] PHP Parse error:  syntax error, unexpected '$_POST' (T_VARIABLE) in /home/ubuntu/workspace/actions/edit_benefits.php on line 6
[11-Sep-2018 23:26:46 UTC] PHP Warning:  include_once(..db/connect.php): failed to open stream: No such file or directory in /home/ubuntu/workspace/actions/change_password.php on line 4
[11-Sep-2018 23:26:46 UTC] PHP Stack trace:
[11-Sep-2018 23:26:46 UTC] PHP   1. {main}() /home/ubuntu/workspace/actions/change_password.php:0
[11-Sep-2018 23:26:46 UTC] PHP Warning:  include_once(): Failed opening '..db/connect.php' for inclusion (include_path='.:/usr/share/php:/usr/share/pear') in /home/ubuntu/workspace/actions/change_password.php on line 4
[11-Sep-2018 23:26:46 UTC] PHP Stack trace:
[11-Sep-2018 23:26:46 UTC] PHP   1. {main}() /home/ubuntu/workspace/actions/change_password.php:0
[11-Sep-2018 23:26:46 UTC] PHP Fatal error:  Call to undefined function storePW() in /home/ubuntu/workspace/actions/change_password.php on line 7
[11-Sep-2018 23:26:46 UTC] PHP Stack trace:
[11-Sep-2018 23:26:46 UTC] PHP   1. {main}() /home/ubuntu/workspace/actions/change_password.php:0
[11-Sep-2018 23:27:08 UTC] PHP Warning:  include_once(db/connect.php): failed to open stream: No such file or directory in /home/ubuntu/workspace/actions/change_password.php on line 4
[11-Sep-2018 23:27:08 UTC] PHP Stack trace:
[11-Sep-2018 23:27:08 UTC] PHP   1. {main}() /home/ubuntu/workspace/actions/change_password.php:0
[11-Sep-2018 23:27:08 UTC] PHP Warning:  include_once(): Failed opening 'db/connect.php' for inclusion (include_path='.:/usr/share/php:/usr/share/pear') in /home/ubuntu/workspace/actions/change_password.php on line 4
[11-Sep-2018 23:27:08 UTC] PHP Stack trace:
[11-Sep-2018 23:27:08 UTC] PHP   1. {main}() /home/ubuntu/workspace/actions/change_password.php:0
[11-Sep-2018 23:27:08 UTC] PHP Fatal error:  Call to undefined function storePW() in /home/ubuntu/workspace/actions/change_password.php on line 7
[11-Sep-2018 23:27:08 UTC] PHP Stack trace:
[11-Sep-2018 23:27:08 UTC] PHP   1. {main}() /home/ubuntu/workspace/actions/change_password.php:0
[11-Sep-2018 23:27:21 UTC] PHP Warning:  include(db/connect.php): failed to open stream: No such file or directory in /home/ubuntu/workspace/actions/get_one_employee.php on line 3
[11-Sep-2018 23:27:21 UTC] PHP Stack trace:
[11-Sep-2018 23:27:21 UTC] PHP   1. {main}() /home/ubuntu/workspace/actions/change_password.php:0
[11-Sep-2018 23:27:21 UTC] PHP   2. validate() /home/ubuntu/workspace/actions/change_password.php:11
[11-Sep-2018 23:27:21 UTC] PHP   3. get_one_employee() /home/ubuntu/workspace/actions/validate.php:5
[11-Sep-2018 23:27:21 UTC] PHP Warning:  include(): Failed opening 'db/connect.php' for inclusion (include_path='.:/usr/share/php:/usr/share/pear') in /home/ubuntu/workspace/actions/get_one_employee.php on line 3
[11-Sep-2018 23:27:21 UTC] PHP Stack trace:
[11-Sep-2018 23:27:21 UTC] PHP   1. {main}() /home/ubuntu/workspace/actions/change_password.php:0
[11-Sep-2018 23:27:21 UTC] PHP   2. validate() /home/ubuntu/workspace/actions/change_password.php:11
[11-Sep-2018 23:27:21 UTC] PHP   3. get_one_employee() /home/ubuntu/workspace/actions/validate.php:5
[11-Sep-2018 23:27:21 UTC] PHP Fatal error:  Call to a member function query() on a non-object in /home/ubuntu/workspace/actions/get_one_employee.php on line 5
[11-Sep-2018 23:27:21 UTC] PHP Stack trace:
[11-Sep-2018 23:27:21 UTC] PHP   1. {main}() /home/ubuntu/workspace/actions/change_password.php:0
[11-Sep-2018 23:27:21 UTC] PHP   2. validate() /home/ubuntu/workspace/actions/change_password.php:11
[11-Sep-2018 23:27:21 UTC] PHP   3. get_one_employee() /home/ubuntu/workspace/actions/validate.php:5
[11-Sep-2018 23:27:48 UTC] PHP Warning:  include_once(actions/get_one_employee.php): failed to open stream: No such file or directory in /home/ubuntu/workspace/actions/validate.php on line 4
[11-Sep-2018 23:27:48 UTC] PHP Stack trace:
[11-Sep-2018 23:27:48 UTC] PHP   1. {main}() /home/ubuntu/workspace/actions/change_password.php:0
[11-Sep-2018 23:27:48 UTC] PHP   2. validate() /home/ubuntu/workspace/actions/change_password.php:11
[11-Sep-2018 23:27:48 UTC] PHP Warning:  include_once(): Failed opening 'actions/get_one_employee.php' for inclusion (include_path='.:/usr/share/php:/usr/share/pear') in /home/ubuntu/workspace/actions/validate.php on line 4
[11-Sep-2018 23:27:48 UTC] PHP Stack trace:
[11-Sep-2018 23:27:48 UTC] PHP   1. {main}() /home/ubuntu/workspace/actions/change_password.php:0
[11-Sep-2018 23:27:48 UTC] PHP   2. validate() /home/ubuntu/workspace/actions/change_password.php:11
[11-Sep-2018 23:27:48 UTC] PHP Fatal error:  Call to undefined function get_one_employee() in /home/ubuntu/workspace/actions/validate.php on line 5
[11-Sep-2018 23:27:48 UTC] PHP Stack trace:
[11-Sep-2018 23:27:48 UTC] PHP   1. {main}() /home/ubuntu/workspace/actions/change_password.php:0
[11-Sep-2018 23:27:48 UTC] PHP   2. validate() /home/ubuntu/workspace/actions/change_password.php:11
[11-Sep-2018 23:27:58 UTC] PHP Warning:  include(db/connect.php): failed to open stream: No such file or directory in /home/ubuntu/workspace/actions/get_one_employee.php on line 3
[11-Sep-2018 23:27:58 UTC] PHP Stack trace:
[11-Sep-2018 23:27:58 UTC] PHP   1. {main}() /home/ubuntu/workspace/actions/change_password.php:0
[11-Sep-2018 23:27:58 UTC] PHP   2. validate() /home/ubuntu/workspace/actions/change_password.php:11
[11-Sep-2018 23:27:58 UTC] PHP   3. get_one_employee() /home/ubuntu/workspace/actions/validate.php:5
[11-Sep-2018 23:27:58 UTC] PHP Warning:  include(): Failed opening 'db/connect.php' for inclusion (include_path='.:/usr/share/php:/usr/share/pear') in /home/ubuntu/workspace/actions/get_one_employee.php on line 3
[11-Sep-2018 23:27:58 UTC] PHP Stack trace:
[11-Sep-2018 23:27:58 UTC] PHP   1. {main}() /home/ubuntu/workspace/actions/change_password.php:0
[11-Sep-2018 23:27:58 UTC] PHP   2. validate() /home/ubuntu/workspace/actions/change_password.php:11
[11-Sep-2018 23:27:58 UTC] PHP   3. get_one_employee() /home/ubuntu/workspace/actions/validate.php:5
[11-Sep-2018 23:27:58 UTC] PHP Fatal error:  Call to a member function query() on a non-object in /home/ubuntu/workspace/actions/get_one_employee.php on line 5
[11-Sep-2018 23:27:58 UTC] PHP Stack trace:
[11-Sep-2018 23:27:58 UTC] PHP   1. {main}() /home/ubuntu/workspace/actions/change_password.php:0
[11-Sep-2018 23:27:58 UTC] PHP   2. validate() /home/ubuntu/workspace/actions/change_password.php:11
[11-Sep-2018 23:27:58 UTC] PHP   3. get_one_employee() /home/ubuntu/workspace/actions/validate.php:5
[11-Sep-2018 23:28:43 UTC] PHP Warning:  include(1): failed to open stream: No such file or directory in /home/ubuntu/workspace/actions/get_one_employee.php on line 3
[11-Sep-2018 23:28:43 UTC] PHP Stack trace:
[11-Sep-2018 23:28:43 UTC] PHP   1. {main}() /home/ubuntu/workspace/actions/change_password.php:0
[11-Sep-2018 23:28:43 UTC] PHP   2. validate() /home/ubuntu/workspace/actions/change_password.php:11
[11-Sep-2018 23:28:43 UTC] PHP   3. get_one_employee() /home/ubuntu/workspace/actions/validate.php:5
[11-Sep-2018 23:28:43 UTC] PHP Warning:  include(): Failed opening '1' for inclusion (include_path='.:/usr/share/php:/usr/share/pear') in /home/ubuntu/workspace/actions/get_one_employee.php on line 3
[11-Sep-2018 23:28:43 UTC] PHP Stack trace:
[11-Sep-2018 23:28:43 UTC] PHP   1. {main}() /home/ubuntu/workspace/actions/change_password.php:0
[11-Sep-2018 23:28:43 UTC] PHP   2. validate() /home/ubuntu/workspace/actions/change_password.php:11
[11-Sep-2018 23:28:43 UTC] PHP   3. get_one_employee() /home/ubuntu/workspace/actions/validate.php:5
[11-Sep-2018 23:28:43 UTC] PHP Fatal error:  Call to a member function query() on a non-object in /home/ubuntu/workspace/actions/get_one_employee.php on line 5
[11-Sep-2018 23:28:43 UTC] PHP Stack trace:
[11-Sep-2018 23:28:43 UTC] PHP   1. {main}() /home/ubuntu/workspace/actions/change_password.php:0
[11-Sep-2018 23:28:43 UTC] PHP   2. validate() /home/ubuntu/workspace/actions/change_password.php:11
[11-Sep-2018 23:28:43 UTC] PHP   3. get_one_employee() /home/ubuntu/workspace/actions/validate.php:5
[11-Sep-2018 23:29:03 UTC] PHP Warning:  include(..db/connect.php): failed to open stream: No such file or directory in /home/ubuntu/workspace/actions/get_one_employee.php on line 3
[11-Sep-2018 23:29:03 UTC] PHP Stack trace:
[11-Sep-2018 23:29:03 UTC] PHP   1. {main}() /home/ubuntu/workspace/actions/change_password.php:0
[11-Sep-2018 23:29:03 UTC] PHP   2. validate() /home/ubuntu/workspace/actions/change_password.php:11
[11-Sep-2018 23:29:03 UTC] PHP   3. get_one_employee() /home/ubuntu/workspace/actions/validate.php:5
[11-Sep-2018 23:29:03 UTC] PHP Warning:  include(): Failed opening '..db/connect.php' for inclusion (include_path='.:/usr/share/php:/usr/share/pear') in /home/ubuntu/workspace/actions/get_one_employee.php on line 3
[11-Sep-2018 23:29:03 UTC] PHP Stack trace:
[11-Sep-2018 23:29:03 UTC] PHP   1. {main}() /home/ubuntu/workspace/actions/change_password.php:0
[11-Sep-2018 23:29:03 UTC] PHP   2. validate() /home/ubuntu/workspace/actions/change_password.php:11
[11-Sep-2018 23:29:03 UTC] PHP   3. get_one_employee() /home/ubuntu/workspace/actions/validate.php:5
[11-Sep-2018 23:29:03 UTC] PHP Fatal error:  Call to a member function query() on a non-object in /home/ubuntu/workspace/actions/get_one_employee.php on line 5
[11-Sep-2018 23:29:03 UTC] PHP Stack trace:
[11-Sep-2018 23:29:03 UTC] PHP   1. {main}() /home/ubuntu/workspace/actions/change_password.php:0
[11-Sep-2018 23:29:03 UTC] PHP   2. validate() /home/ubuntu/workspace/actions/change_password.php:11
[11-Sep-2018 23:29:03 UTC] PHP   3. get_one_employee() /home/ubuntu/workspace/actions/validate.php:5
[11-Sep-2018 23:29:14 UTC] PHP Fatal error:  Cannot redeclare storePW() (previously declared in /home/ubuntu/workspace/db/password_hasher.php:2) in /home/ubuntu/workspace/db/password_hasher.php on line 2
[11-Sep-2018 23:29:14 UTC] PHP Stack trace:
[11-Sep-2018 23:29:14 UTC] PHP   1. {main}() /home/ubuntu/workspace/actions/change_password.php:0
[11-Sep-2018 23:29:14 UTC] PHP   2. validate() /home/ubuntu/workspace/actions/change_password.php:11
[11-Sep-2018 23:29:14 UTC] PHP   3. get_one_employee() /home/ubuntu/workspace/actions/validate.php:5
[11-Sep-2018 23:29:14 UTC] PHP   4. include() /home/ubuntu/workspace/actions/get_one_employee.php:3
[11-Sep-2018 23:29:22 UTC] PHP Fatal error:  Call to a member function query() on a non-object in /home/ubuntu/workspace/actions/get_one_employee.php on line 5
[11-Sep-2018 23:29:22 UTC] PHP Stack trace:
[11-Sep-2018 23:29:22 UTC] PHP   1. {main}() /home/ubuntu/workspace/actions/change_password.php:0
[11-Sep-2018 23:29:22 UTC] PHP   2. validate() /home/ubuntu/workspace/actions/change_password.php:11
[11-Sep-2018 23:29:22 UTC] PHP   3. get_one_employee() /home/ubuntu/workspace/actions/validate.php:5
[11-Sep-2018 23:29:46 UTC] PHP Warning:  include(1): failed to open stream: No such file or directory in /home/ubuntu/workspace/actions/get_one_employee.php on line 3
[11-Sep-2018 23:29:46 UTC] PHP Stack trace:
[11-Sep-2018 23:29:46 UTC] PHP   1. {main}() /home/ubuntu/workspace/actions/change_password.php:0
[11-Sep-2018 23:29:46 UTC] PHP   2. validate() /home/ubuntu/workspace/actions/change_password.php:11
[11-Sep-2018 23:29:46 UTC] PHP   3. get_one_employee() /home/ubuntu/workspace/actions/validate.php:5
[11-Sep-2018 23:29:46 UTC] PHP Warning:  include(): Failed opening '1' for inclusion (include_path='.:/usr/share/php:/usr/share/pear') in /home/ubuntu/workspace/actions/get_one_employee.php on line 3
[11-Sep-2018 23:29:46 UTC] PHP Stack trace:
[11-Sep-2018 23:29:46 UTC] PHP   1. {main}() /home/ubuntu/workspace/actions/change_password.php:0
[11-Sep-2018 23:29:46 UTC] PHP   2. validate() /home/ubuntu/workspace/actions/change_password.php:11
[11-Sep-2018 23:29:46 UTC] PHP   3. get_one_employee() /home/ubuntu/workspace/actions/validate.php:5
[11-Sep-2018 23:29:46 UTC] PHP Fatal error:  Call to a member function query() on a non-object in /home/ubuntu/workspace/actions/get_one_employee.php on line 5
[11-Sep-2018 23:29:46 UTC] PHP Stack trace:
[11-Sep-2018 23:29:46 UTC] PHP   1. {main}() /home/ubuntu/workspace/actions/change_password.php:0
[11-Sep-2018 23:29:46 UTC] PHP   2. validate() /home/ubuntu/workspace/actions/change_password.php:11
[11-Sep-2018 23:29:46 UTC] PHP   3. get_one_employee() /home/ubuntu/workspace/actions/validate.php:5
[11-Sep-2018 23:30:31 UTC] PHP Warning:  include(password_hasher.php): failed to open stream: No such file or directory in /home/ubuntu/workspace/actions/get_one_employee.php on line 3
[11-Sep-2018 23:30:31 UTC] PHP Stack trace:
[11-Sep-2018 23:30:31 UTC] PHP   1. {main}() /home/ubuntu/workspace/actions/change_password.php:0
[11-Sep-2018 23:30:31 UTC] PHP   2. validate() /home/ubuntu/workspace/actions/change_password.php:11
[11-Sep-2018 23:30:31 UTC] PHP   3. get_one_employee() /home/ubuntu/workspace/actions/validate.php:5
[11-Sep-2018 23:30:31 UTC] PHP Warning:  include(): Failed opening 'password_hasher.php' for inclusion (include_path='.:/usr/share/php:/usr/share/pear') in /home/ubuntu/workspace/actions/get_one_employee.php on line 3
[11-Sep-2018 23:30:31 UTC] PHP Stack trace:
[11-Sep-2018 23:30:31 UTC] PHP   1. {main}() /home/ubuntu/workspace/actions/change_password.php:0
[11-Sep-2018 23:30:31 UTC] PHP   2. validate() /home/ubuntu/workspace/actions/change_password.php:11
[11-Sep-2018 23:30:31 UTC] PHP   3. get_one_employee() /home/ubuntu/workspace/actions/validate.php:5
[11-Sep-2018 23:30:32 UTC] PHP Warning:  include(../login/redirect): failed to open stream: No such file or directory in /home/ubuntu/workspace/actions/change_password.php on line 14
[11-Sep-2018 23:30:32 UTC] PHP Stack trace:
[11-Sep-2018 23:30:32 UTC] PHP   1. {main}() /home/ubuntu/workspace/actions/change_password.php:0
[11-Sep-2018 23:30:32 UTC] PHP Warning:  include(): Failed opening '../login/redirect' for inclusion (include_path='.:/usr/share/php:/usr/share/pear') in /home/ubuntu/workspace/actions/change_password.php on line 14
[11-Sep-2018 23:30:32 UTC] PHP Stack trace:
[11-Sep-2018 23:30:32 UTC] PHP   1. {main}() /home/ubuntu/workspace/actions/change_password.php:0
[11-Sep-2018 23:30:32 UTC] PHP Fatal error:  Call to undefined function redirect() in /home/ubuntu/workspace/actions/change_password.php on line 15
[11-Sep-2018 23:30:32 UTC] PHP Stack trace:
[11-Sep-2018 23:30:32 UTC] PHP   1. {main}() /home/ubuntu/workspace/actions/change_password.php:0
[11-Sep-2018 23:31:01 UTC] PHP Fatal error:  Cannot redeclare storePW() (previously declared in /home/ubuntu/workspace/db/password_hasher.php:2) in /home/ubuntu/workspace/db/password_hasher.php on line 2
[11-Sep-2018 23:31:01 UTC] PHP Stack trace:
[11-Sep-2018 23:31:01 UTC] PHP   1. {main}() /home/ubuntu/workspace/actions/change_password.php:0
[11-Sep-2018 23:31:01 UTC] PHP   2. validate() /home/ubuntu/workspace/actions/change_password.php:11
[11-Sep-2018 23:31:01 UTC] PHP   3. get_one_employee() /home/ubuntu/workspace/actions/validate.php:5
[11-Sep-2018 23:35:48 UTC] PHP Warning:  include(../login/redirect): failed to open stream: No such file or directory in /home/ubuntu/workspace/actions/change_password.php on line 14
[11-Sep-2018 23:35:48 UTC] PHP Stack trace:
[11-Sep-2018 23:35:48 UTC] PHP   1. {main}() /home/ubuntu/workspace/actions/change_password.php:0
[11-Sep-2018 23:35:48 UTC] PHP Warning:  include(): Failed opening '../login/redirect' for inclusion (include_path='.:/usr/share/php:/usr/share/pear') in /home/ubuntu/workspace/actions/change_password.php on line 14
[11-Sep-2018 23:35:48 UTC] PHP Stack trace:
[11-Sep-2018 23:35:48 UTC] PHP   1. {main}() /home/ubuntu/workspace/actions/change_password.php:0
[11-Sep-2018 23:35:48 UTC] PHP Fatal error:  Call to undefined function redirect() in /home/ubuntu/workspace/actions/change_password.php on line 15
[11-Sep-2018 23:35:48 UTC] PHP Stack trace:
[11-Sep-2018 23:35:48 UTC] PHP   1. {main}() /home/ubuntu/workspace/actions/change_password.php:0
[11-Sep-2018 23:36:22 UTC] PHP Warning:  include(../login/redirect): failed to open stream: No such file or directory in /home/ubuntu/workspace/actions/change_password.php on line 14
[11-Sep-2018 23:36:22 UTC] PHP Stack trace:
[11-Sep-2018 23:36:22 UTC] PHP   1. {main}() /home/ubuntu/workspace/actions/change_password.php:0
[11-Sep-2018 23:36:22 UTC] PHP Warning:  include(): Failed opening '../login/redirect' for inclusion (include_path='.:/usr/share/php:/usr/share/pear') in /home/ubuntu/workspace/actions/change_password.php on line 14
[11-Sep-2018 23:36:22 UTC] PHP Stack trace:
[11-Sep-2018 23:36:22 UTC] PHP   1. {main}() /home/ubuntu/workspace/actions/change_password.php:0
[11-Sep-2018 23:36:22 UTC] PHP Fatal error:  Call to undefined function redirect() in /home/ubuntu/workspace/actions/change_password.php on line 15
[11-Sep-2018 23:36:22 UTC] PHP Stack trace:
[11-Sep-2018 23:36:22 UTC] PHP   1. {main}() /home/ubuntu/workspace/actions/change_password.php:0
[11-Sep-2018 23:36:37 UTC] PHP Warning:  include(login/redirect): failed to open stream: No such file or directory in /home/ubuntu/workspace/actions/change_password.php on line 14
[11-Sep-2018 23:36:37 UTC] PHP Stack trace:
[11-Sep-2018 23:36:37 UTC] PHP   1. {main}() /home/ubuntu/workspace/actions/change_password.php:0
[11-Sep-2018 23:36:37 UTC] PHP Warning:  include(): Failed opening 'login/redirect' for inclusion (include_path='.:/usr/share/php:/usr/share/pear') in /home/ubuntu/workspace/actions/change_password.php on line 14
[11-Sep-2018 23:36:37 UTC] PHP Stack trace:
[11-Sep-2018 23:36:37 UTC] PHP   1. {main}() /home/ubuntu/workspace/actions/change_password.php:0
[11-Sep-2018 23:36:37 UTC] PHP Fatal error:  Call to undefined function redirect() in /home/ubuntu/workspace/actions/change_password.php on line 15
[11-Sep-2018 23:36:37 UTC] PHP Stack trace:
[11-Sep-2018 23:36:37 UTC] PHP   1. {main}() /home/ubuntu/workspace/actions/change_password.php:0
[11-Sep-2018 23:38:27 UTC] PHP Parse error:  syntax error, unexpected ''../index.php'' (T_CONSTANT_ENCAPSED_STRING) in /home/ubuntu/workspace/actions/change_email.php on line 14
[11-Sep-2018 23:38:45 UTC] PHP Warning:  include(login/redirect.php): failed to open stream: No such file or directory in /home/ubuntu/workspace/actions/change_email.php on line 13
[11-Sep-2018 23:38:45 UTC] PHP Stack trace:
[11-Sep-2018 23:38:45 UTC] PHP   1. {main}() /home/ubuntu/workspace/actions/change_email.php:0
[11-Sep-2018 23:38:45 UTC] PHP Warning:  include(): Failed opening 'login/redirect.php' for inclusion (include_path='.:/usr/share/php:/usr/share/pear') in /home/ubuntu/workspace/actions/change_email.php on line 13
[11-Sep-2018 23:38:45 UTC] PHP Stack trace:
[11-Sep-2018 23:38:45 UTC] PHP   1. {main}() /home/ubuntu/workspace/actions/change_email.php:0
[11-Sep-2018 23:38:45 UTC] PHP Fatal error:  Call to undefined function redirect() in /home/ubuntu/workspace/actions/change_email.php on line 14
[11-Sep-2018 23:38:45 UTC] PHP Stack trace:
[11-Sep-2018 23:38:45 UTC] PHP   1. {main}() /home/ubuntu/workspace/actions/change_email.php:0
[11-Sep-2018 23:39:03 UTC] PHP Warning:  include(login/redirect.php): failed to open stream: No such file or directory in /home/ubuntu/workspace/actions/change_email.php on line 13
[11-Sep-2018 23:39:03 UTC] PHP Stack trace:
[11-Sep-2018 23:39:03 UTC] PHP   1. {main}() /home/ubuntu/workspace/actions/change_email.php:0
[11-Sep-2018 23:39:03 UTC] PHP Warning:  include(): Failed opening 'login/redirect.php' for inclusion (include_path='.:/usr/share/php:/usr/share/pear') in /home/ubuntu/workspace/actions/change_email.php on line 13
[11-Sep-2018 23:39:03 UTC] PHP Stack trace:
[11-Sep-2018 23:39:03 UTC] PHP   1. {main}() /home/ubuntu/workspace/actions/change_email.php:0
[11-Sep-2018 23:39:03 UTC] PHP Fatal error:  Call to undefined function redirect() in /home/ubuntu/workspace/actions/change_email.php on line 14
[11-Sep-2018 23:39:03 UTC] PHP Stack trace:
[11-Sep-2018 23:39:03 UTC] PHP   1. {main}() /home/ubuntu/workspace/actions/change_email.php:0
[15-Sep-2018 21:44:13 UTC] PHP Fatal error:  Cannot use [] for reading in /home/ubuntu/workspace/login/login_u.php on line 22
[15-Sep-2018 21:47:38 UTC] PHP Fatal error:  Cannot redeclare redirect() (previously declared in /home/ubuntu/workspace/login/redirect.php:2) in /home/ubuntu/workspace/login/redirect.php on line 2
[15-Sep-2018 21:47:38 UTC] PHP Stack trace:
[15-Sep-2018 21:47:38 UTC] PHP   1. {main}() /home/ubuntu/workspace/login/login_u.php:0
[15-Sep-2018 21:47:38 UTC] PHP   2. Login() /home/ubuntu/workspace/login/login_u.php:28
[15-Sep-2018 23:23:21 UTC] PHP Fatal error:  Call to undefined function storePW() in /home/ubuntu/workspace/actions/reset_password.php on line 7
[15-Sep-2018 23:23:21 UTC] PHP Stack trace:
[15-Sep-2018 23:23:21 UTC] PHP   1. {main}() /home/ubuntu/workspace/actions/reset_password.php:0
[15-Sep-2018 23:24:23 UTC] PHP Fatal error:  Call to undefined method mysqli::error() in /home/ubuntu/workspace/actions/reset_password.php on line 14
[15-Sep-2018 23:24:23 UTC] PHP Stack trace:
[15-Sep-2018 23:24:23 UTC] PHP   1. {main}() /home/ubuntu/workspace/actions/reset_password.php:0
[15-Sep-2018 23:25:05 UTC] PHP Warning:  include(../login/redirect): failed to open stream: No such file or directory in /home/ubuntu/workspace/actions/reset_password.php on line 11
[15-Sep-2018 23:25:05 UTC] PHP Stack trace:
[15-Sep-2018 23:25:05 UTC] PHP   1. {main}() /home/ubuntu/workspace/actions/reset_password.php:0
[15-Sep-2018 23:25:05 UTC] PHP Warning:  include(): Failed opening '../login/redirect' for inclusion (include_path='.:/usr/share/php:/usr/share/pear') in /home/ubuntu/workspace/actions/reset_password.php on line 11
[15-Sep-2018 23:25:05 UTC] PHP Stack trace:
[15-Sep-2018 23:25:05 UTC] PHP   1. {main}() /home/ubuntu/workspace/actions/reset_password.php:0
[15-Sep-2018 23:25:05 UTC] PHP Fatal error:  Call to undefined function redirect() in /home/ubuntu/workspace/actions/reset_password.php on line 12
[15-Sep-2018 23:25:05 UTC] PHP Stack trace:
[15-Sep-2018 23:25:05 UTC] PHP   1. {main}() /home/ubuntu/workspace/actions/reset_password.php:0
[15-Sep-2018 23:25:16 UTC] PHP Warning:  include(login/redirect): failed to open stream: No such file or directory in /home/ubuntu/workspace/actions/reset_password.php on line 11
[15-Sep-2018 23:25:16 UTC] PHP Stack trace:
[15-Sep-2018 23:25:16 UTC] PHP   1. {main}() /home/ubuntu/workspace/actions/reset_password.php:0
[15-Sep-2018 23:25:16 UTC] PHP Warning:  include(): Failed opening 'login/redirect' for inclusion (include_path='.:/usr/share/php:/usr/share/pear') in /home/ubuntu/workspace/actions/reset_password.php on line 11
[15-Sep-2018 23:25:16 UTC] PHP Stack trace:
[15-Sep-2018 23:25:16 UTC] PHP   1. {main}() /home/ubuntu/workspace/actions/reset_password.php:0
[15-Sep-2018 23:25:16 UTC] PHP Fatal error:  Call to undefined function redirect() in /home/ubuntu/workspace/actions/reset_password.php on line 12
[15-Sep-2018 23:25:16 UTC] PHP Stack trace:
[15-Sep-2018 23:25:16 UTC] PHP   1. {main}() /home/ubuntu/workspace/actions/reset_password.php:0
